<?xml version="1.0" encoding="UTF-8"?>
<!-- Generated by org.testng.reporters.JUnitXMLReporter -->
<testsuite ignored="0" hostname="DESKTOP-9GI0D3G" failures="0" tests="1" name="Test" time="6.454" errors="0" timestamp="2023-11-28T19:03:16 IST">
  <testcase classname="vt.GenericUtilities.BaseClass" name="@BeforeClass bcCnfig" time="6.331">
    <failure type="java.lang.NullPointerException" message="Cannot invoke &amp;quot;org.openqa.selenium.WebDriver.get(String)&amp;quot; because &amp;quot;this.driver&amp;quot; is null">
      <![CDATA[java.lang.NullPointerException: Cannot invoke "org.openqa.selenium.WebDriver.get(String)" because "this.driver" is null
at vt.GenericUtilities.BaseClass.bcCnfig(BaseClass.java:57)
at java.base/java.util.ArrayList.forEach(ArrayList.java:1511)
... Removed 25 stack frames]]>
    </failure>
  </testcase> <!-- @BeforeClass bcCnfig -->
  <testcase classname="vt.GenericUtilities.BaseClass" name="@BeforeMethod bmCnfig" time="0.0">
    <skipped/>
  </testcase> <!-- @BeforeMethod bmCnfig -->
  <testcase classname="vt.GenericUtilities.BaseClass" name="@AfterMethod asCnfig" time="0.0">
    <skipped/>
  </testcase> <!-- @AfterMethod asCnfig -->
  <testcase classname="vt.GenericUtilities.BaseClass" name="@AfterClass acCnfig" time="0.0">
    <skipped/>
  </testcase> <!-- @AfterClass acCnfig -->
  <testcase classname="vt.ContactsTests.CreateContactTest" name="craeteContactWithTest" time="0.0">
    <skipped/>
  </testcase> <!-- craeteContactWithTest -->
</testsuite> <!-- Test -->
